# JRE version: OpenJDK Runtime Environment (8.0_212-b04) (build 1.8.0_212-release-1586-b04)
# Java VM: OpenJDK 64-Bit Server VM (25.212-b04 mixed mode windows-amd64 compressed oops)
Heap:
 PSYoungGen      total 375296K, used 230100K [0x00000000e0000000, 0x00000000fbb00000, 0x0000000100000000)
  eden space 324096K, 66% used [0x00000000e0000000,0x00000000ed134ca0,0x00000000f3c80000)
  from space 51200K, 31% used [0x00000000f3c80000,0x00000000f4c00400,0x00000000f6e80000)
  to   space 49152K, 0% used [0x00000000f8b00000,0x00000000f8b00000,0x00000000fbb00000)
 ParOldGen       total 213504K, used 147580K [0x00000000a0000000, 0x00000000ad080000, 0x00000000e0000000)
  object space 213504K, 69% used [0x00000000a0000000,0x00000000a901f170,0x00000000ad080000)
 Metaspace       used 90106K, capacity 94578K, committed 94720K, reserved 1130496K
  class space    used 11916K, capacity 12763K, committed 12800K, reserved 1048576K
GC Heap History (10 events):
Event: 14.380 GC heap before
{Heap before GC invocations=16 (full 3):
 PSYoungGen      total 256512K, used 251261K [0x00000000e0000000, 0x00000000f1200000, 0x0000000100000000)
  eden space 234496K, 100% used [0x00000000e0000000,0x00000000ee500000,0x00000000ee500000)
  from space 22016K, 76% used [0x00000000efb00000,0x00000000f0b5f7e0,0x00000000f1080000)
  to   space 22528K, 0% used [0x00000000ee500000,0x00000000ee500000,0x00000000efb00000)
 ParOldGen       total 213504K, used 50868K [0x00000000a0000000, 0x00000000ad080000, 0x00000000e0000000)
  object space 213504K, 23% used [0x00000000a0000000,0x00000000a31ad108,0x00000000ad080000)
 Metaspace       used 77837K, capacity 81014K, committed 81152K, reserved 1120256K
  class space    used 10611K, capacity 11245K, committed 11264K, reserved 1048576K
Event: 14.406 GC heap after
Heap after GC invocations=16 (full 3):
 PSYoungGen      total 257024K, used 22524K [0x00000000e0000000, 0x00000000f4380000, 0x0000000100000000)
  eden space 234496K, 0% used [0x00000000e0000000,0x00000000e0000000,0x00000000ee500000)
  from space 22528K, 99% used [0x00000000ee500000,0x00000000efaff0c8,0x00000000efb00000)
  to   space 26112K, 0% used [0x00000000f2a00000,0x00000000f2a00000,0x00000000f4380000)
 ParOldGen       total 213504K, used 52622K [0x00000000a0000000, 0x00000000ad080000, 0x00000000e0000000)
  object space 213504K, 24% used [0x00000000a0000000,0x00000000a33639a8,0x00000000ad080000)
 Metaspace       used 77837K, capacity 81014K, committed 81152K, reserved 1120256K
  class space    used 10611K, capacity 11245K, committed 11264K, reserved 1048576K
}
Event: 15.728 GC heap before
{Heap before GC invocations=17 (full 3):
 PSYoungGen      total 257024K, used 257020K [0x00000000e0000000, 0x00000000f4380000, 0x0000000100000000)
  eden space 234496K, 100% used [0x00000000e0000000,0x00000000ee500000,0x00000000ee500000)
  from space 22528K, 99% used [0x00000000ee500000,0x00000000efaff0c8,0x00000000efb00000)
  to   space 26112K, 0% used [0x00000000f2a00000,0x00000000f2a00000,0x00000000f4380000)
 ParOldGen       total 213504K, used 52622K [0x00000000a0000000, 0x00000000ad080000, 0x00000000e0000000)
  object space 213504K, 24% used [0x00000000a0000000,0x00000000a33639a8,0x00000000ad080000)
 Metaspace       used 79873K, capacity 83398K, committed 83712K, reserved 1122304K
  class space    used 10828K, capacity 11499K, committed 11520K, reserved 1048576K
Event: 15.742 GC heap after
Heap after GC invocations=17 (full 3):
 PSYoungGen      total 296960K, used 12687K [0x00000000e0000000, 0x00000000f3e80000, 0x0000000100000000)
  eden space 275968K, 0% used [0x00000000e0000000,0x00000000e0000000,0x00000000f0d80000)
  from space 20992K, 60% used [0x00000000f2a00000,0x00000000f3663da0,0x00000000f3e80000)
  to   space 25088K, 0% used [0x00000000f0d80000,0x00000000f0d80000,0x00000000f2600000)
 ParOldGen       total 213504K, used 67736K [0x00000000a0000000, 0x00000000ad080000, 0x00000000e0000000)
  object space 213504K, 31% used [0x00000000a0000000,0x00000000a4226030,0x00000000ad080000)
 Metaspace       used 79873K, capacity 83398K, committed 83712K, reserved 1122304K
  class space    used 10828K, capacity 11499K, committed 11520K, reserved 1048576K
}
Event: 17.517 GC heap before
{Heap before GC invocations=18 (full 3):
 PSYoungGen      total 296960K, used 288655K [0x00000000e0000000, 0x00000000f3e80000, 0x0000000100000000)
  eden space 275968K, 100% used [0x00000000e0000000,0x00000000f0d80000,0x00000000f0d80000)
  from space 20992K, 60% used [0x00000000f2a00000,0x00000000f3663da0,0x00000000f3e80000)
  to   space 25088K, 0% used [0x00000000f0d80000,0x00000000f0d80000,0x00000000f2600000)
 ParOldGen       total 213504K, used 67736K [0x00000000a0000000, 0x00000000ad080000, 0x00000000e0000000)
  object space 213504K, 31% used [0x00000000a0000000,0x00000000a4226030,0x00000000ad080000)
 Metaspace       used 80547K, capacity 84210K, committed 84352K, reserved 1122304K
  class space    used 10896K, capacity 11585K, committed 11648K, reserved 1048576K
Event: 17.575 GC heap after
Heap after GC invocations=18 (full 3):
 PSYoungGen      total 301056K, used 25080K [0x00000000e0000000, 0x00000000fb080000, 0x0000000100000000)
  eden space 275968K, 0% used [0x00000000e0000000,0x00000000e0000000,0x00000000f0d80000)
  from space 25088K, 99% used [0x00000000f0d80000,0x00000000f25fe178,0x00000000f2600000)
  to   space 54272K, 0% used [0x00000000f7b80000,0x00000000f7b80000,0x00000000fb080000)
 ParOldGen       total 213504K, used 138591K [0x00000000a0000000, 0x00000000ad080000, 0x00000000e0000000)
  object space 213504K, 64% used [0x00000000a0000000,0x00000000a8757e48,0x00000000ad080000)
 Metaspace       used 80547K, capacity 84210K, committed 84352K, reserved 1122304K
  class space    used 10896K, capacity 11585K, committed 11648K, reserved 1048576K
}
Event: 102.858 GC heap before
{Heap before GC invocations=19 (full 3):
 PSYoungGen      total 301056K, used 301048K [0x00000000e0000000, 0x00000000fb080000, 0x0000000100000000)
  eden space 275968K, 100% used [0x00000000e0000000,0x00000000f0d80000,0x00000000f0d80000)
  from space 25088K, 99% used [0x00000000f0d80000,0x00000000f25fe178,0x00000000f2600000)
  to   space 54272K, 0% used [0x00000000f7b80000,0x00000000f7b80000,0x00000000fb080000)
 ParOldGen       total 213504K, used 138591K [0x00000000a0000000, 0x00000000ad080000, 0x00000000e0000000)
  object space 213504K, 64% used [0x00000000a0000000,0x00000000a8757e48,0x00000000ad080000)
 Metaspace       used 87000K, capacity 91046K, committed 91264K, reserved 1128448K
  class space    used 11613K, capacity 12375K, committed 12416K, reserved 1048576K
Event: 102.887 GC heap after
Heap after GC invocations=19 (full 3):
 PSYoungGen      total 361984K, used 21536K [0x00000000e0000000, 0x00000000fa080000, 0x0000000100000000)
  eden space 324096K, 0% used [0x00000000e0000000,0x00000000e0000000,0x00000000f3c80000)
  from space 37888K, 56% used [0x00000000f7b80000,0x00000000f90880e0,0x00000000fa080000)
  to   space 51200K, 0% used [0x00000000f3c80000,0x00000000f3c80000,0x00000000f6e80000)
 ParOldGen       total 213504K, used 147572K [0x00000000a0000000, 0x00000000ad080000, 0x00000000e0000000)
  object space 213504K, 69% used [0x00000000a0000000,0x00000000a901d170,0x00000000ad080000)
 Metaspace       used 87000K, capacity 91046K, committed 91264K, reserved 1128448K
  class space    used 11613K, capacity 12375K, committed 12416K, reserved 1048576K
}
Event: 124.716 GC heap before
{Heap before GC invocations=20 (full 3):
 PSYoungGen      total 361984K, used 345632K [0x00000000e0000000, 0x00000000fa080000, 0x0000000100000000)
  eden space 324096K, 100% used [0x00000000e0000000,0x00000000f3c80000,0x00000000f3c80000)
  from space 37888K, 56% used [0x00000000f7b80000,0x00000000f90880e0,0x00000000fa080000)
  to   space 51200K, 0% used [0x00000000f3c80000,0x00000000f3c80000,0x00000000f6e80000)
 ParOldGen       total 213504K, used 147572K [0x00000000a0000000, 0x00000000ad080000, 0x00000000e0000000)
  object space 213504K, 69% used [0x00000000a0000000,0x00000000a901d170,0x00000000ad080000)
 Metaspace       used 89673K, capacity 94006K, committed 94208K, reserved 1130496K
  class space    used 11875K, capacity 12689K, committed 12800K, reserved 1048576K
Event: 124.732 GC heap after
Heap after GC invocations=20 (full 3):
 PSYoungGen      total 375296K, used 15873K [0x00000000e0000000, 0x00000000fbb00000, 0x0000000100000000)
  eden space 324096K, 0% used [0x00000000e0000000,0x00000000e0000000,0x00000000f3c80000)
  from space 51200K, 31% used [0x00000000f3c80000,0x00000000f4c00400,0x00000000f6e80000)
  to   space 49152K, 0% used [0x00000000f8b00000,0x00000000f8b00000,0x00000000fbb00000)
 ParOldGen       total 213504K, used 147580K [0x00000000a0000000, 0x00000000ad080000, 0x00000000e0000000)
  object space 213504K, 69% used [0x00000000a0000000,0x00000000a901f170,0x00000000ad080000)
 Metaspace       used 89673K, capacity 94006K, committed 94208K, reserved 1130496K
  class space    used 11875K, capacity 12689K, committed 12800K, reserved 1048576K
}

