# JRE version: OpenJDK Runtime Environment (8.0_212-b04) (build 1.8.0_212-release-1586-b04)
# Java VM: OpenJDK 64-Bit Server VM (25.212-b04 mixed mode windows-amd64 compressed oops)
Heap:
 PSYoungGen      total 454656K, used 48910K [0x00000000e0000000, 0x00000000fec80000, 0x0000000100000000)
  eden space 408064K, 3% used [0x00000000e0000000,0x00000000e0f62818,0x00000000f8e80000)
  from space 46592K, 71% used [0x00000000fbd80000,0x00000000fdde1230,0x00000000feb00000)
  to   space 48128K, 0% used [0x00000000f8e80000,0x00000000f8e80000,0x00000000fbd80000)
 ParOldGen       total 324096K, used 94371K [0x00000000a0000000, 0x00000000b3c80000, 0x00000000e0000000)
  object space 324096K, 29% used [0x00000000a0000000,0x00000000a5c28de0,0x00000000b3c80000)
 Metaspace       used 112796K, capacity 120640K, committed 121728K, reserved 1155072K
  class space    used 14490K, capacity 15817K, committed 16000K, reserved 1048576K
GC Heap History (10 events):
Event: 4833.075 GC heap before
{Heap before GC invocations=35 (full 5):
 PSYoungGen      total 387072K, used 360960K [0x00000000e0000000, 0x00000000f9b80000, 0x0000000100000000)
  eden space 360960K, 100% used [0x00000000e0000000,0x00000000f6080000,0x00000000f6080000)
  from space 26112K, 0% used [0x00000000f6080000,0x00000000f6080000,0x00000000f7a00000)
  to   space 29696K, 0% used [0x00000000f7e80000,0x00000000f7e80000,0x00000000f9b80000)
 ParOldGen       total 324096K, used 61205K [0x00000000a0000000, 0x00000000b3c80000, 0x00000000e0000000)
  object space 324096K, 18% used [0x00000000a0000000,0x00000000a3bc5710,0x00000000b3c80000)
 Metaspace       used 109708K, capacity 117210K, committed 119040K, reserved 1153024K
  class space    used 14152K, capacity 15452K, committed 15872K, reserved 1048576K
Event: 4833.087 GC heap after
Heap after GC invocations=35 (full 5):
 PSYoungGen      total 392704K, used 15791K [0x00000000e0000000, 0x00000000f9b80000, 0x0000000100000000)
  eden space 363008K, 0% used [0x00000000e0000000,0x00000000e0000000,0x00000000f6280000)
  from space 29696K, 53% used [0x00000000f7e80000,0x00000000f8debe80,0x00000000f9b80000)
  to   space 28672K, 0% used [0x00000000f6280000,0x00000000f6280000,0x00000000f7e80000)
 ParOldGen       total 324096K, used 61213K [0x00000000a0000000, 0x00000000b3c80000, 0x00000000e0000000)
  object space 324096K, 18% used [0x00000000a0000000,0x00000000a3bc7710,0x00000000b3c80000)
 Metaspace       used 109708K, capacity 117210K, committed 119040K, reserved 1153024K
  class space    used 14152K, capacity 15452K, committed 15872K, reserved 1048576K
}
Event: 4838.083 GC heap before
{Heap before GC invocations=36 (full 5):
 PSYoungGen      total 392704K, used 378799K [0x00000000e0000000, 0x00000000f9b80000, 0x0000000100000000)
  eden space 363008K, 100% used [0x00000000e0000000,0x00000000f6280000,0x00000000f6280000)
  from space 29696K, 53% used [0x00000000f7e80000,0x00000000f8debe80,0x00000000f9b80000)
  to   space 28672K, 0% used [0x00000000f6280000,0x00000000f6280000,0x00000000f7e80000)
 ParOldGen       total 324096K, used 61213K [0x00000000a0000000, 0x00000000b3c80000, 0x00000000e0000000)
  object space 324096K, 18% used [0x00000000a0000000,0x00000000a3bc7710,0x00000000b3c80000)
 Metaspace       used 110922K, capacity 118490K, committed 120064K, reserved 1153024K
  class space    used 14261K, capacity 15576K, committed 15872K, reserved 1048576K
Event: 4838.099 GC heap after
Heap after GC invocations=36 (full 5):
 PSYoungGen      total 391680K, used 23961K [0x00000000e0000000, 0x00000000fa380000, 0x0000000100000000)
  eden space 363008K, 0% used [0x00000000e0000000,0x00000000e0000000,0x00000000f6280000)
  from space 28672K, 83% used [0x00000000f6280000,0x00000000f79e67a8,0x00000000f7e80000)
  to   space 30208K, 0% used [0x00000000f8600000,0x00000000f8600000,0x00000000fa380000)
 ParOldGen       total 324096K, used 61221K [0x00000000a0000000, 0x00000000b3c80000, 0x00000000e0000000)
  object space 324096K, 18% used [0x00000000a0000000,0x00000000a3bc9710,0x00000000b3c80000)
 Metaspace       used 110922K, capacity 118490K, committed 120064K, reserved 1153024K
  class space    used 14261K, capacity 15576K, committed 15872K, reserved 1048576K
}
Event: 4845.859 GC heap before
{Heap before GC invocations=37 (full 5):
 PSYoungGen      total 391680K, used 386969K [0x00000000e0000000, 0x00000000fa380000, 0x0000000100000000)
  eden space 363008K, 100% used [0x00000000e0000000,0x00000000f6280000,0x00000000f6280000)
  from space 28672K, 83% used [0x00000000f6280000,0x00000000f79e67a8,0x00000000f7e80000)
  to   space 30208K, 0% used [0x00000000f8600000,0x00000000f8600000,0x00000000fa380000)
 ParOldGen       total 324096K, used 61221K [0x00000000a0000000, 0x00000000b3c80000, 0x00000000e0000000)
  object space 324096K, 18% used [0x00000000a0000000,0x00000000a3bc9710,0x00000000b3c80000)
 Metaspace       used 112130K, capacity 119890K, committed 121216K, reserved 1155072K
  class space    used 14410K, capacity 15748K, committed 16000K, reserved 1048576K
Event: 4845.931 GC heap after
Heap after GC invocations=37 (full 5):
 PSYoungGen      total 393216K, used 30183K [0x00000000e0000000, 0x00000000fa380000, 0x0000000100000000)
  eden space 363008K, 0% used [0x00000000e0000000,0x00000000e0000000,0x00000000f6280000)
  from space 30208K, 99% used [0x00000000f8600000,0x00000000fa379e10,0x00000000fa380000)
  to   space 28672K, 0% used [0x00000000f6280000,0x00000000f6280000,0x00000000f7e80000)
 ParOldGen       total 324096K, used 85351K [0x00000000a0000000, 0x00000000b3c80000, 0x00000000e0000000)
  object space 324096K, 26% used [0x00000000a0000000,0x00000000a5359d98,0x00000000b3c80000)
 Metaspace       used 112130K, capacity 119890K, committed 121216K, reserved 1155072K
  class space    used 14410K, capacity 15748K, committed 16000K, reserved 1048576K
}
Event: 4846.858 GC heap before
{Heap before GC invocations=38 (full 5):
 PSYoungGen      total 393216K, used 393191K [0x00000000e0000000, 0x00000000fa380000, 0x0000000100000000)
  eden space 363008K, 100% used [0x00000000e0000000,0x00000000f6280000,0x00000000f6280000)
  from space 30208K, 99% used [0x00000000f8600000,0x00000000fa379e10,0x00000000fa380000)
  to   space 28672K, 0% used [0x00000000f6280000,0x00000000f6280000,0x00000000f7e80000)
 ParOldGen       total 324096K, used 85351K [0x00000000a0000000, 0x00000000b3c80000, 0x00000000e0000000)
  object space 324096K, 26% used [0x00000000a0000000,0x00000000a5359d98,0x00000000b3c80000)
 Metaspace       used 112650K, capacity 120474K, committed 121472K, reserved 1155072K
  class space    used 14479K, capacity 15810K, committed 16000K, reserved 1048576K
Event: 4846.906 GC heap after
Heap after GC invocations=38 (full 5):
 PSYoungGen      total 391680K, used 28649K [0x00000000e0000000, 0x00000000feb00000, 0x0000000100000000)
  eden space 363008K, 0% used [0x00000000e0000000,0x00000000e0000000,0x00000000f6280000)
  from space 28672K, 99% used [0x00000000f6280000,0x00000000f7e7a5d8,0x00000000f7e80000)
  to   space 46592K, 0% used [0x00000000fbd80000,0x00000000fbd80000,0x00000000feb00000)
 ParOldGen       total 324096K, used 94371K [0x00000000a0000000, 0x00000000b3c80000, 0x00000000e0000000)
  object space 324096K, 29% used [0x00000000a0000000,0x00000000a5c28de0,0x00000000b3c80000)
 Metaspace       used 112650K, capacity 120474K, committed 121472K, reserved 1155072K
  class space    used 14479K, capacity 15810K, committed 16000K, reserved 1048576K
}
Event: 4847.872 GC heap before
{Heap before GC invocations=39 (full 5):
 PSYoungGen      total 391680K, used 391657K [0x00000000e0000000, 0x00000000feb00000, 0x0000000100000000)
  eden space 363008K, 100% used [0x00000000e0000000,0x00000000f6280000,0x00000000f6280000)
  from space 28672K, 99% used [0x00000000f6280000,0x00000000f7e7a5d8,0x00000000f7e80000)
  to   space 46592K, 0% used [0x00000000fbd80000,0x00000000fbd80000,0x00000000feb00000)
 ParOldGen       total 324096K, used 94371K [0x00000000a0000000, 0x00000000b3c80000, 0x00000000e0000000)
  object space 324096K, 29% used [0x00000000a0000000,0x00000000a5c28de0,0x00000000b3c80000)
 Metaspace       used 112795K, capacity 120640K, committed 121728K, reserved 1155072K
  class space    used 14490K, capacity 15817K, committed 16000K, reserved 1048576K
Event: 4847.905 GC heap after
Heap after GC invocations=39 (full 5):
 PSYoungGen      total 454656K, used 33156K [0x00000000e0000000, 0x00000000fec80000, 0x0000000100000000)
  eden space 408064K, 0% used [0x00000000e0000000,0x00000000e0000000,0x00000000f8e80000)
  from space 46592K, 71% used [0x00000000fbd80000,0x00000000fdde1230,0x00000000feb00000)
  to   space 48128K, 0% used [0x00000000f8e80000,0x00000000f8e80000,0x00000000fbd80000)
 ParOldGen       total 324096K, used 94371K [0x00000000a0000000, 0x00000000b3c80000, 0x00000000e0000000)
  object space 324096K, 29% used [0x00000000a0000000,0x00000000a5c28de0,0x00000000b3c80000)
 Metaspace       used 112795K, capacity 120640K, committed 121728K, reserved 1155072K
  class space    used 14490K, capacity 15817K, committed 16000K, reserved 1048576K
}

