# JRE version: OpenJDK Runtime Environment (8.0_212-b04) (build 1.8.0_212-release-1586-b04)
# Java VM: OpenJDK 64-Bit Server VM (25.212-b04 mixed mode windows-amd64 compressed oops)
Heap:
 PSYoungGen      total 378880K, used 328294K [0x00000000e0000000, 0x00000000f9900000, 0x0000000100000000)
  eden space 340992K, 92% used [0x00000000e0000000,0x00000000f334e300,0x00000000f4d00000)
  from space 37888K, 35% used [0x00000000f7400000,0x00000000f814b788,0x00000000f9900000)
  to   space 38912K, 0% used [0x00000000f4d00000,0x00000000f4d00000,0x00000000f7300000)
 ParOldGen       total 330752K, used 59071K [0x00000000a0000000, 0x00000000b4300000, 0x00000000e0000000)
  object space 330752K, 17% used [0x00000000a0000000,0x00000000a39afde8,0x00000000b4300000)
 Metaspace       used 101821K, capacity 109020K, committed 109568K, reserved 1144832K
  class space    used 13026K, capacity 14192K, committed 14336K, reserved 1048576K
GC Heap History (10 events):
Event: 5100.412 GC heap before
{Heap before GC invocations=45 (full 4):
 PSYoungGen      total 370176K, used 357895K [0x00000000e0000000, 0x00000000f9180000, 0x0000000100000000)
  eden space 335360K, 100% used [0x00000000e0000000,0x00000000f4780000,0x00000000f4780000)
  from space 34816K, 64% used [0x00000000f6f80000,0x00000000f8581fa8,0x00000000f9180000)
  to   space 37888K, 0% used [0x00000000f4780000,0x00000000f4780000,0x00000000f6c80000)
 ParOldGen       total 330752K, used 89479K [0x00000000a0000000, 0x00000000b4300000, 0x00000000e0000000)
  object space 330752K, 27% used [0x00000000a0000000,0x00000000a5761f78,0x00000000b4300000)
 Metaspace       used 101654K, capacity 108928K, committed 109056K, reserved 1144832K
  class space    used 13048K, capacity 14234K, committed 14336K, reserved 1048576K
Event: 5100.425 GC heap after
Heap after GC invocations=45 (full 4):
 PSYoungGen      total 373248K, used 28822K [0x00000000e0000000, 0x00000000f9700000, 0x0000000100000000)
  eden space 335360K, 0% used [0x00000000e0000000,0x00000000e0000000,0x00000000f4780000)
  from space 37888K, 76% used [0x00000000f4780000,0x00000000f63a5bb8,0x00000000f6c80000)
  to   space 38400K, 0% used [0x00000000f7180000,0x00000000f7180000,0x00000000f9700000)
 ParOldGen       total 330752K, used 89535K [0x00000000a0000000, 0x00000000b4300000, 0x00000000e0000000)
  object space 330752K, 27% used [0x00000000a0000000,0x00000000a576ff78,0x00000000b4300000)
 Metaspace       used 101654K, capacity 108928K, committed 109056K, reserved 1144832K
  class space    used 13048K, capacity 14234K, committed 14336K, reserved 1048576K
}
Event: 5105.724 GC heap before
{Heap before GC invocations=46 (full 4):
 PSYoungGen      total 373248K, used 62532K [0x00000000e0000000, 0x00000000f9700000, 0x0000000100000000)
  eden space 335360K, 10% used [0x00000000e0000000,0x00000000e20eb508,0x00000000f4780000)
  from space 37888K, 76% used [0x00000000f4780000,0x00000000f63a5bb8,0x00000000f6c80000)
  to   space 38400K, 0% used [0x00000000f7180000,0x00000000f7180000,0x00000000f9700000)
 ParOldGen       total 330752K, used 89535K [0x00000000a0000000, 0x00000000b4300000, 0x00000000e0000000)
  object space 330752K, 27% used [0x00000000a0000000,0x00000000a576ff78,0x00000000b4300000)
 Metaspace       used 101659K, capacity 108932K, committed 109056K, reserved 1144832K
  class space    used 13048K, capacity 14234K, committed 14336K, reserved 1048576K
Event: 5105.728 GC heap after
Heap after GC invocations=46 (full 4):
 PSYoungGen      total 376320K, used 3987K [0x00000000e0000000, 0x00000000f9b00000, 0x0000000100000000)
  eden space 337920K, 0% used [0x00000000e0000000,0x00000000e0000000,0x00000000f4a00000)
  from space 38400K, 10% used [0x00000000f7180000,0x00000000f7564f88,0x00000000f9700000)
  to   space 40448K, 0% used [0x00000000f4a00000,0x00000000f4a00000,0x00000000f7180000)
 ParOldGen       total 330752K, used 89935K [0x00000000a0000000, 0x00000000b4300000, 0x00000000e0000000)
  object space 330752K, 27% used [0x00000000a0000000,0x00000000a57d3f78,0x00000000b4300000)
 Metaspace       used 101659K, capacity 108932K, committed 109056K, reserved 1144832K
  class space    used 13048K, capacity 14234K, committed 14336K, reserved 1048576K
}
Event: 5105.728 GC heap before
{Heap before GC invocations=47 (full 5):
 PSYoungGen      total 376320K, used 3987K [0x00000000e0000000, 0x00000000f9b00000, 0x0000000100000000)
  eden space 337920K, 0% used [0x00000000e0000000,0x00000000e0000000,0x00000000f4a00000)
  from space 38400K, 10% used [0x00000000f7180000,0x00000000f7564f88,0x00000000f9700000)
  to   space 40448K, 0% used [0x00000000f4a00000,0x00000000f4a00000,0x00000000f7180000)
 ParOldGen       total 330752K, used 89935K [0x00000000a0000000, 0x00000000b4300000, 0x00000000e0000000)
  object space 330752K, 27% used [0x00000000a0000000,0x00000000a57d3f78,0x00000000b4300000)
 Metaspace       used 101659K, capacity 108932K, committed 109056K, reserved 1144832K
  class space    used 13048K, capacity 14234K, committed 14336K, reserved 1048576K
Event: 5106.075 GC heap after
Heap after GC invocations=47 (full 5):
 PSYoungGen      total 376320K, used 0K [0x00000000e0000000, 0x00000000f9b00000, 0x0000000100000000)
  eden space 337920K, 0% used [0x00000000e0000000,0x00000000e0000000,0x00000000f4a00000)
  from space 38400K, 0% used [0x00000000f7180000,0x00000000f7180000,0x00000000f9700000)
  to   space 40448K, 0% used [0x00000000f4a00000,0x00000000f4a00000,0x00000000f7180000)
 ParOldGen       total 330752K, used 59055K [0x00000000a0000000, 0x00000000b4300000, 0x00000000e0000000)
  object space 330752K, 17% used [0x00000000a0000000,0x00000000a39abde8,0x00000000b4300000)
 Metaspace       used 101513K, capacity 108696K, committed 109056K, reserved 1144832K
  class space    used 13025K, capacity 14192K, committed 14336K, reserved 1048576K
}
Event: 5324.532 GC heap before
{Heap before GC invocations=48 (full 5):
 PSYoungGen      total 376320K, used 337920K [0x00000000e0000000, 0x00000000f9b00000, 0x0000000100000000)
  eden space 337920K, 100% used [0x00000000e0000000,0x00000000f4a00000,0x00000000f4a00000)
  from space 38400K, 0% used [0x00000000f7180000,0x00000000f7180000,0x00000000f9700000)
  to   space 40448K, 0% used [0x00000000f4a00000,0x00000000f4a00000,0x00000000f7180000)
 ParOldGen       total 330752K, used 59055K [0x00000000a0000000, 0x00000000b4300000, 0x00000000e0000000)
  object space 330752K, 17% used [0x00000000a0000000,0x00000000a39abde8,0x00000000b4300000)
 Metaspace       used 101660K, capacity 108828K, committed 109312K, reserved 1144832K
  class space    used 13025K, capacity 14192K, committed 14336K, reserved 1048576K
Event: 5324.540 GC heap after
Heap after GC invocations=48 (full 5):
 PSYoungGen      total 378368K, used 15749K [0x00000000e0000000, 0x00000000f9a80000, 0x0000000100000000)
  eden space 337920K, 0% used [0x00000000e0000000,0x00000000e0000000,0x00000000f4a00000)
  from space 40448K, 38% used [0x00000000f4a00000,0x00000000f5961668,0x00000000f7180000)
  to   space 39424K, 0% used [0x00000000f7400000,0x00000000f7400000,0x00000000f9a80000)
 ParOldGen       total 330752K, used 59063K [0x00000000a0000000, 0x00000000b4300000, 0x00000000e0000000)
  object space 330752K, 17% used [0x00000000a0000000,0x00000000a39adde8,0x00000000b4300000)
 Metaspace       used 101660K, capacity 108828K, committed 109312K, reserved 1144832K
  class space    used 13025K, capacity 14192K, committed 14336K, reserved 1048576K
}
Event: 5348.061 GC heap before
{Heap before GC invocations=49 (full 5):
 PSYoungGen      total 378368K, used 353669K [0x00000000e0000000, 0x00000000f9a80000, 0x0000000100000000)
  eden space 337920K, 100% used [0x00000000e0000000,0x00000000f4a00000,0x00000000f4a00000)
  from space 40448K, 38% used [0x00000000f4a00000,0x00000000f5961668,0x00000000f7180000)
  to   space 39424K, 0% used [0x00000000f7400000,0x00000000f7400000,0x00000000f9a80000)
 ParOldGen       total 330752K, used 59063K [0x00000000a0000000, 0x00000000b4300000, 0x00000000e0000000)
  object space 330752K, 17% used [0x00000000a0000000,0x00000000a39adde8,0x00000000b4300000)
 Metaspace       used 101710K, capacity 108892K, committed 109312K, reserved 1144832K
  class space    used 13026K, capacity 14192K, committed 14336K, reserved 1048576K
Event: 5348.070 GC heap after
Heap after GC invocations=49 (full 5):
 PSYoungGen      total 378880K, used 13613K [0x00000000e0000000, 0x00000000f9900000, 0x0000000100000000)
  eden space 340992K, 0% used [0x00000000e0000000,0x00000000e0000000,0x00000000f4d00000)
  from space 37888K, 35% used [0x00000000f7400000,0x00000000f814b788,0x00000000f9900000)
  to   space 38912K, 0% used [0x00000000f4d00000,0x00000000f4d00000,0x00000000f7300000)
 ParOldGen       total 330752K, used 59071K [0x00000000a0000000, 0x00000000b4300000, 0x00000000e0000000)
  object space 330752K, 17% used [0x00000000a0000000,0x00000000a39afde8,0x00000000b4300000)
 Metaspace       used 101710K, capacity 108892K, committed 109312K, reserved 1144832K
  class space    used 13026K, capacity 14192K, committed 14336K, reserved 1048576K
}

